<?xml version="1.0" encoding="UTF-8"?>
<!-- Generated by org.testng.reporters.JUnitXMLReporter -->
<testsuite ignored="0" hostname="Midhuns-Air.bbrouter" failures="0" tests="10" name="Default test" time="45.923" errors="0" timestamp="2024-02-09T12:32:22 IST">
  <testcase classname="com.swaglabs.testcases.TestDetailPage" name="testBackToProduct" time="0.758"/>
  <testcase classname="com.swaglabs.testcases.TestDetailPage" name="testBackToProduct" time="0.753"/>
  <testcase classname="com.swaglabs.testcases.TestDetailPage" name="testProductDetails" time="0.58"/>
  <testcase classname="com.swaglabs.testcases.TestDetailPage" name="testProductDetails" time="0.57"/>
  <testcase classname="com.swaglabs.testcases.TestDetailPage" name="testProductImage" time="0.586"/>
  <testcase classname="com.swaglabs.testcases.TestDetailPage" name="testProductImage" time="0.582"/>
  <testcase classname="com.swaglabs.testcases.TestDetailPage" name="testRemoveFromcart" time="2.722"/>
  <testcase classname="com.swaglabs.testcases.TestDetailPage" name="testRemoveFromcart" time="2.709"/>
  <testcase classname="com.swaglabs.testcases.TestDetailPage" name="testaddTocart" time="0.996"/>
  <testcase classname="com.swaglabs.testcases.TestDetailPage" name="testaddTocart" time="1.011"/>
</testsuite> <!-- Default test -->
