<?xml version="1.0" encoding="UTF-8"?>
<!-- Generated by org.testng.reporters.JUnitXMLReporter -->
<testsuite ignored="0" hostname="Midhuns-Air.bbrouter" failures="0" tests="10" name="TestDetailPage" time="47.399" errors="0" timestamp="2024-02-25T11:31:07 IST">
  <testcase classname="com.swaglabs.testcases.TestDetailPage" name="testBackToProduct" time="0.289"/>
  <testcase classname="com.swaglabs.testcases.TestDetailPage" name="testBackToProduct" time="0.271"/>
  <testcase classname="com.swaglabs.testcases.TestDetailPage" name="testProductDetails" time="0.266"/>
  <testcase classname="com.swaglabs.testcases.TestDetailPage" name="testProductDetails" time="0.323"/>
  <testcase classname="com.swaglabs.testcases.TestDetailPage" name="testProductImage" time="0.257"/>
  <testcase classname="com.swaglabs.testcases.TestDetailPage" name="testProductImage" time="0.263"/>
  <testcase classname="com.swaglabs.testcases.TestDetailPage" name="testRemoveFromcart" time="1.395"/>
  <testcase classname="com.swaglabs.testcases.TestDetailPage" name="testRemoveFromcart" time="1.474"/>
  <testcase classname="com.swaglabs.testcases.TestDetailPage" name="testaddTocart" time="1.489"/>
  <testcase classname="com.swaglabs.testcases.TestDetailPage" name="testaddTocart" time="0.323"/>
</testsuite> <!-- TestDetailPage -->
