<?xml version="1.0" encoding="UTF-8"?>
<!-- Generated by org.testng.reporters.JUnitXMLReporter -->
<testsuite ignored="0" hostname="Midhuns-Air.bbrouter" failures="0" tests="18" name="TestProductPage" time="62.947" errors="0" timestamp="2024-02-25T11:31:23 IST">
  <testcase classname="com.swaglabs.testcases.TestProductPage" name="goToProductDetailByImage" time="0.42"/>
  <testcase classname="com.swaglabs.testcases.TestProductPage" name="goToProductDetailByImage" time="0.22"/>
  <testcase classname="com.swaglabs.testcases.TestProductPage" name="removeProductFromCartInProductPage" time="1.407"/>
  <testcase classname="com.swaglabs.testcases.TestProductPage" name="removeProductFromCartInProductPage" time="1.409"/>
  <testcase classname="com.swaglabs.testcases.TestProductPage" name="testAddMultipleProduct" time="0.339"/>
  <testcase classname="com.swaglabs.testcases.TestProductPage" name="testAddMultipleProduct" time="0.438"/>
  <testcase classname="com.swaglabs.testcases.TestProductPage" name="testAddToCart" time="0.286"/>
  <testcase classname="com.swaglabs.testcases.TestProductPage" name="testAddToCart" time="0.313"/>
  <testcase classname="com.swaglabs.testcases.TestProductPage" name="testNavigationToProductDetail" time="0.233"/>
  <testcase classname="com.swaglabs.testcases.TestProductPage" name="testNavigationToProductDetail" time="0.226"/>
  <testcase classname="com.swaglabs.testcases.TestProductPage" name="testProductDescription" time="0.29"/>
  <testcase classname="com.swaglabs.testcases.TestProductPage" name="testProductDescription" time="1.469"/>
  <testcase classname="com.swaglabs.testcases.TestProductPage" name="testProductDisplay" time="0.176"/>
  <testcase classname="com.swaglabs.testcases.TestProductPage" name="testProductDisplay" time="0.147"/>
  <testcase classname="com.swaglabs.testcases.TestProductPage" name="testProductSorting" time="0.356"/>
  <testcase classname="com.swaglabs.testcases.TestProductPage" name="testProductSorting" time="0.351"/>
  <testcase classname="com.swaglabs.testcases.TestProductPage" name="testRemoveMultipleProduct" time="1.418"/>
  <testcase classname="com.swaglabs.testcases.TestProductPage" name="testRemoveMultipleProduct" time="1.487"/>
</testsuite> <!-- TestProductPage -->
