<?xml version="1.0" encoding="UTF-8"?>
<!-- Generated by org.testng.reporters.JUnitXMLReporter -->
<testsuite ignored="0" hostname="Midhuns-Air.bbrouter" failures="0" tests="6" name="TestLoginFunctionality" time="27.142" errors="0" timestamp="2024-02-25T11:30:47 IST">
  <testcase classname="com.swaglabs.testcases.TestLoginFunctionality" name="testLogout" time="0.82"/>
  <testcase classname="com.swaglabs.testcases.TestLoginFunctionality" name="testWithBlankFields" time="0.132"/>
  <testcase classname="com.swaglabs.testcases.TestLoginFunctionality" name="testWithInvalidPassword" time="0.221"/>
  <testcase classname="com.swaglabs.testcases.TestLoginFunctionality" name="testWithInvalidUsername" time="0.197"/>
  <testcase classname="com.swaglabs.testcases.TestLoginFunctionality" name="testWithLockedUser" time="0.165"/>
  <testcase classname="com.swaglabs.testcases.TestLoginFunctionality" name="testWithValidCredentials" time="0.781"/>
</testsuite> <!-- TestLoginFunctionality -->
