<?xml version="1.0" encoding="UTF-8"?>
<!-- Generated by org.testng.reporters.JUnitXMLReporter -->
<testsuite ignored="0" hostname="Midhuns-Air.bbrouter" failures="0" tests="2" name="TestProductPage" time="5.706" errors="0" timestamp="2024-02-03T00:47:37 IST">
  <testcase classname="com.swaglabs.testcases.TestProductPage" name="testProductDisplay" time="0.218"/>
  <testcase classname="com.swaglabs.testcases.TestProductPage" name="testProductDisplay" time="0.181"/>
</testsuite> <!-- TestProductPage -->
