<?xml version="1.0" encoding="UTF-8"?>
<!-- Generated by org.testng.reporters.JUnitXMLReporter -->
<testsuite ignored="5" hostname="Midhuns-Air.bbrouter" failures="0" tests="8" name="TestProductPage" time="23.286" errors="0" timestamp="2024-02-25T13:29:00 IST">
  <testcase classname="com.swaglabs.testcases.TestProductPage" name="testAddToCart" time="0.619"/>
  <testcase classname="com.swaglabs.testcases.TestProductPage" name="testAddToCart" time="0.334"/>
  <testcase classname="com.swaglabs.testcases.TestProductPage" name="testProductDisplay" time="0.203"/>
  <testcase classname="com.swaglabs.testcases.TestProductPage" name="testProductDisplay" time="0.269"/>
  <testcase classname="com.swaglabs.testcases.TestProductPage" name="testProductSorting" time="0.436"/>
  <testcase classname="com.swaglabs.testcases.TestProductPage" name="testProductSorting" time="0.372"/>
  <testcase classname="com.swaglabs.testcases.TestProductPage" name="testRemoveMultipleProduct" time="1.462"/>
  <testcase classname="com.swaglabs.testcases.TestProductPage" name="testRemoveMultipleProduct" time="1.488"/>
  <testcase classname="com.swaglabs.testcases.TestProductPage" name="testProductDescription" time="0.0">
    <ignored/>
  </testcase> <!-- testProductDescription -->
  <testcase classname="com.swaglabs.testcases.TestProductPage" name="testNavigationToProductDetail" time="0.0">
    <ignored/>
  </testcase> <!-- testNavigationToProductDetail -->
  <testcase classname="com.swaglabs.testcases.TestProductPage" name="goToProductDetailByImage" time="0.0">
    <ignored/>
  </testcase> <!-- goToProductDetailByImage -->
  <testcase classname="com.swaglabs.testcases.TestProductPage" name="testAddMultipleProduct" time="0.0">
    <ignored/>
  </testcase> <!-- testAddMultipleProduct -->
  <testcase classname="com.swaglabs.testcases.TestProductPage" name="removeProductFromCartInProductPage" time="0.0">
    <ignored/>
  </testcase> <!-- removeProductFromCartInProductPage -->
</testsuite> <!-- TestProductPage -->
