<?xml version="1.0" encoding="UTF-8"?>
<!-- Generated by org.testng.reporters.JUnitXMLReporter -->
<testsuite ignored="2" hostname="Midhuns-Air.bbrouter" failures="0" tests="4" name="TestLoginFunctionality" time="11.77" errors="0" timestamp="2024-02-25T13:28:49 IST">
  <testcase classname="com.swaglabs.testcases.TestLoginFunctionality" name="testLogout" time="1.009"/>
  <testcase classname="com.swaglabs.testcases.TestLoginFunctionality" name="testWithInvalidPassword" time="0.625"/>
  <testcase classname="com.swaglabs.testcases.TestLoginFunctionality" name="testWithLockedUser" time="0.212"/>
  <testcase classname="com.swaglabs.testcases.TestLoginFunctionality" name="testWithValidCredentials" time="0.855"/>
  <testcase classname="com.swaglabs.testcases.TestLoginFunctionality" name="testWithInvalidUsername" time="0.0">
    <ignored/>
  </testcase> <!-- testWithInvalidUsername -->
  <testcase classname="com.swaglabs.testcases.TestLoginFunctionality" name="testWithBlankFields" time="0.0">
    <ignored/>
  </testcase> <!-- testWithBlankFields -->
</testsuite> <!-- TestLoginFunctionality -->
