<?xml version="1.0" encoding="UTF-8"?>
<!-- Generated by org.testng.reporters.JUnitXMLReporter -->
<testsuite ignored="3" hostname="Midhuns-Air.bbrouter" failures="0" tests="4" name="TestDetailPage" time="13.613" errors="0" timestamp="2024-02-25T13:28:51 IST">
  <testcase classname="com.swaglabs.testcases.TestDetailPage" name="testRemoveFromcart" time="2.495"/>
  <testcase classname="com.swaglabs.testcases.TestDetailPage" name="testRemoveFromcart" time="1.483"/>
  <testcase classname="com.swaglabs.testcases.TestDetailPage" name="testaddTocart" time="0.43"/>
  <testcase classname="com.swaglabs.testcases.TestDetailPage" name="testaddTocart" time="0.293"/>
  <testcase classname="com.swaglabs.testcases.TestDetailPage" name="testBackToProduct" time="0.0">
    <ignored/>
  </testcase> <!-- testBackToProduct -->
  <testcase classname="com.swaglabs.testcases.TestDetailPage" name="testProductImage" time="0.0">
    <ignored/>
  </testcase> <!-- testProductImage -->
  <testcase classname="com.swaglabs.testcases.TestDetailPage" name="testProductDetails" time="0.0">
    <ignored/>
  </testcase> <!-- testProductDetails -->
</testsuite> <!-- TestDetailPage -->
