<?xml version="1.0" encoding="UTF-8"?>
<!-- Generated by org.testng.reporters.JUnitXMLReporter -->
<testsuite ignored="0" hostname="Midhuns-Air.bbrouter" failures="0" tests="6" name="LoginFunctionality" time="14.831" errors="0" timestamp="2024-02-02T13:47:24 IST">
  <testcase classname="com.swaglabs.testcases.LoginFunctionality" name="testLogout" time="0.874"/>
  <testcase classname="com.swaglabs.testcases.LoginFunctionality" name="testWithBlankFields" time="0.112"/>
  <testcase classname="com.swaglabs.testcases.LoginFunctionality" name="testWithInvalidPassword" time="0.178"/>
  <testcase classname="com.swaglabs.testcases.LoginFunctionality" name="testWithInvalidUsername" time="0.165"/>
  <testcase classname="com.swaglabs.testcases.LoginFunctionality" name="testWithLockedUser" time="0.197"/>
  <testcase classname="com.swaglabs.testcases.LoginFunctionality" name="testWithValidCredentials" time="0.782"/>
</testsuite> <!-- LoginFunctionality -->
