<?xml version="1.0" encoding="UTF-8"?>
<!-- Generated by org.testng.reporters.JUnitXMLReporter -->
<testsuite ignored="1" hostname="Midhuns-Air.bbrouter" failures="0" tests="1" name="Test" time="2.657" errors="0" timestamp="2024-02-03T17:05:24 IST">
  <testcase classname="com.swaglabs.testcases.TestProductPage" name="testProductDiscription" time="0.246"/>
  <testcase classname="com.swaglabs.testcases.TestProductPage" name="testProductDisplay" time="0.0">
    <ignored/>
  </testcase> <!-- testProductDisplay -->
</testsuite> <!-- Test -->
