<?xml version="1.0" encoding="UTF-8"?>
<!-- Generated by org.testng.reporters.JUnitXMLReporter -->
<testsuite ignored="6" hostname="Midhuns-Air.bbrouter" failures="0" tests="0" time="0.005" errors="0" timestamp="2024-02-03T17:05:22 IST">
  <testcase classname="com.swaglabs.testcases.TestLoginFunctionality" name="testWithBlankFields" time="0.0">
    <ignored/>
  </testcase> <!-- testWithBlankFields -->
  <testcase classname="com.swaglabs.testcases.TestLoginFunctionality" name="testWithInvalidPassword" time="0.0">
    <ignored/>
  </testcase> <!-- testWithInvalidPassword -->
  <testcase classname="com.swaglabs.testcases.TestLoginFunctionality" name="testWithInvalidUsername" time="0.0">
    <ignored/>
  </testcase> <!-- testWithInvalidUsername -->
  <testcase classname="com.swaglabs.testcases.TestLoginFunctionality" name="testLogout" time="0.0">
    <ignored/>
  </testcase> <!-- testLogout -->
  <testcase classname="com.swaglabs.testcases.TestLoginFunctionality" name="testWithValidCredentials" time="0.0">
    <ignored/>
  </testcase> <!-- testWithValidCredentials -->
  <testcase classname="com.swaglabs.testcases.TestLoginFunctionality" name="testWithLockedUser" time="0.0">
    <ignored/>
  </testcase> <!-- testWithLockedUser -->
</testsuite>
