<?xml version="1.0" encoding="UTF-8"?>
<testng-results ignored="0" total="1" passed="1" failed="0" skipped="0">
  <reporter-output>
  </reporter-output>
  <suite started-at="2024-02-16T14:17:38 IST" name="Default suite" finished-at="2024-02-16T14:17:41 IST" duration-ms="2902">
    <groups>
      <group name="cucumber">
        <method signature="AbstractTestNGCucumberTests.runScenario(io.cucumber.testng.PickleWrapper,io.cucumber.testng.FeatureWrapper)[pri:0, instance:com.swaglabs.cucumber.TestNGTestRunner@74e28667]" name="runScenario" class="io.cucumber.testng.AbstractTestNGCucumberTests"/>
      </group> <!-- cucumber -->
    </groups>
    <test started-at="2024-02-16T14:17:38 IST" name="Default test" finished-at="2024-02-16T14:17:41 IST" duration-ms="2902">
      <class name="com.swaglabs.cucumber.TestNGTestRunner">
        <test-method is-config="true" signature="setUpClass(org.testng.ITestContext)[pri:0, instance:com.swaglabs.cucumber.TestNGTestRunner@74e28667]" started-at="2024-02-16T14:17:38 IST" name="setUpClass" finished-at="2024-02-16T14:17:39 IST" duration-ms="206" status="PASS">
          <params>
            <param index="0">
              <value>
                <![CDATA[org.testng.TestRunner@476ee5b3]]>
              </value>
            </param>
          </params>
          <reporter-output>
          </reporter-output>
        </test-method> <!-- setUpClass -->
        <test-method signature="runScenario(io.cucumber.testng.PickleWrapper,io.cucumber.testng.FeatureWrapper)[pri:0, instance:com.swaglabs.cucumber.TestNGTestRunner@74e28667]" started-at="2024-02-16T14:17:39 IST" name="runScenario" description="Runs Cucumber Scenarios" data-provider="scenarios" finished-at="2024-02-16T14:17:41 IST" duration-ms="2662" status="PASS">
          <params>
            <param index="0">
              <value>
                <![CDATA["Successfully Placing an Order"]]>
              </value>
            </param>
            <param index="1">
              <value>
                <![CDATA["Placing an Order on the Swaglab Website"]]>
              </value>
            </param>
          </params>
          <reporter-output>
          </reporter-output>
        </test-method> <!-- runScenario -->
        <test-method is-config="true" signature="tearDownClass()[pri:0, instance:com.swaglabs.cucumber.TestNGTestRunner@74e28667]" started-at="2024-02-16T14:17:41 IST" name="tearDownClass" finished-at="2024-02-16T14:17:41 IST" duration-ms="17" status="PASS">
          <reporter-output>
          </reporter-output>
        </test-method> <!-- tearDownClass -->
      </class> <!-- com.swaglabs.cucumber.TestNGTestRunner -->
    </test> <!-- Default test -->
  </suite> <!-- Default suite -->
</testng-results>
