<?xml version="1.0" encoding="UTF-8"?>
<testng-results ignored="0" total="2" passed="2" failed="0" skipped="0">
  <reporter-output>
  </reporter-output>
  <suite started-at="2024-02-04T16:49:15 IST" name="Default suite" finished-at="2024-02-04T16:49:20 IST" duration-ms="4418">
    <groups>
    </groups>
    <test started-at="2024-02-04T16:49:15 IST" name="Default test" finished-at="2024-02-04T16:49:20 IST" duration-ms="4418">
      <class name="com.swaglabs.testcases.TestProductPage">
        <test-method is-config="true" signature="launchApplication()[pri:0, instance:com.swaglabs.testcases.TestProductPage@2e6a8155]" started-at="2024-02-04T16:49:15 IST" name="launchApplication" finished-at="2024-02-04T16:49:17 IST" duration-ms="2121" status="PASS">
          <reporter-output>
          </reporter-output>
        </test-method> <!-- launchApplication -->
        <test-method signature="testProductSorting(java.util.HashMap)[pri:0, instance:com.swaglabs.testcases.TestProductPage@2e6a8155]" started-at="2024-02-04T16:49:17 IST" name="testProductSorting" data-provider="getData" finished-at="2024-02-04T16:49:18 IST" duration-ms="205" status="PASS">
          <params>
            <param index="0">
              <value>
                <![CDATA[{lockedUsername=locked_out_user, invalidUsername=username, invalidPassword=Pssword@123, product2=Sauce Labs Bolt T-Shirt, validPassword=secret_sauce, product1=Sauce Labs Fleece Jacket, validUsername=standard_user, productName=Sauce Labs Backpack, productDescription=carry.allTheThings() with the sleek, streamlined Sly Pack that melds uncompromising style with unequaled laptop and tablet protection., productPrice=$29.99}]]>
              </value>
            </param>
          </params>
          <reporter-output>
          </reporter-output>
        </test-method> <!-- testProductSorting -->
        <test-method is-config="true" signature="teardown()[pri:0, instance:com.swaglabs.testcases.TestProductPage@2e6a8155]" started-at="2024-02-04T16:49:18 IST" name="teardown" finished-at="2024-02-04T16:49:18 IST" duration-ms="0" status="PASS">
          <reporter-output>
          </reporter-output>
        </test-method> <!-- teardown -->
        <test-method is-config="true" signature="launchApplication()[pri:0, instance:com.swaglabs.testcases.TestProductPage@2e6a8155]" started-at="2024-02-04T16:49:18 IST" name="launchApplication" finished-at="2024-02-04T16:49:19 IST" duration-ms="1787" status="PASS">
          <reporter-output>
          </reporter-output>
        </test-method> <!-- launchApplication -->
        <test-method signature="testProductSorting(java.util.HashMap)[pri:0, instance:com.swaglabs.testcases.TestProductPage@2e6a8155]" started-at="2024-02-04T16:49:19 IST" name="testProductSorting" data-provider="getData" finished-at="2024-02-04T16:49:20 IST" duration-ms="199" status="PASS">
          <params>
            <param index="0">
              <value>
                <![CDATA[{lockedUsername=locked_out_user, invalidUsername=username, invalidPassword=Pssword@123, product2=Test.allTheThings() T-Shirt (Red), validPassword=secret_sauce, product1=Sauce Labs Onesie, validUsername=standard_user, productName=Sauce Labs Bike Light, productDescription=A red light isn't the desired state in testing but it sure helps when riding your bike at night. Water-resistant with 3 lighting modes, 1 AAA battery included., productPrice=$9.99}]]>
              </value>
            </param>
          </params>
          <reporter-output>
          </reporter-output>
        </test-method> <!-- testProductSorting -->
        <test-method is-config="true" signature="teardown()[pri:0, instance:com.swaglabs.testcases.TestProductPage@2e6a8155]" started-at="2024-02-04T16:49:20 IST" name="teardown" finished-at="2024-02-04T16:49:20 IST" duration-ms="1" status="PASS">
          <reporter-output>
          </reporter-output>
        </test-method> <!-- teardown -->
      </class> <!-- com.swaglabs.testcases.TestProductPage -->
    </test> <!-- Default test -->
  </suite> <!-- Default suite -->
</testng-results>
